Using pre-set license
Built from '2020.3/release' branch; Version is '2020.3.2f1 (8fd9074bf66c) revision 9427207'; Using compiler version '192528614'; Build Type 'Release'
OS: 'Windows 10 Pro; OS build 19043.1586; Version 2009; 64bit' Language: 'en' Physical Memory: 16269 MB
BatchMode: 1, IsHumanControllingUs: 0, StartBugReporterOnCrash: 0, Is64bit: 1, IsPro: 0

 COMMAND LINE ARGUMENTS:
P:\UnityEditors\2020.3.2f1\Editor\Unity.exe
-adb2
-batchMode
-noUpm
-name
AssetImportWorker0
-projectPath
F:/GitHub/Abyssal/PhenomTools
-logFile
Logs/AssetImportWorker0.log
-srvPort
59741
Successfully changed project path to: F:/GitHub/Abyssal/PhenomTools
F:/GitHub/Abyssal/PhenomTools
Using Asset Import Pipeline V2.
Refreshing native plugins compatible for Editor in 52.50 ms, found 0 plugins.
Preloading 0 native plugins for Editor in 0.00 ms.
Initialize engine version: 2020.3.2f1 (8fd9074bf66c)
[Subsystems] Discovering subsystems at path P:/UnityEditors/2020.3.2f1/Editor/Data/Resources/UnitySubsystems
[Subsystems] Discovering subsystems at path F:/GitHub/Abyssal/PhenomTools/Assets
GfxDevice: creating device client; threaded=0
Direct3D:
    Version:  Direct3D 11.0 [level 11.1]
    Renderer: NVIDIA GeForce GTX 1060 3GB (ID=0x1c02)
    Vendor:   
    VRAM:     2988 MB
    Driver:   30.0.14.9709
Initialize mono
Mono path[0] = 'P:/UnityEditors/2020.3.2f1/Editor/Data/Managed'
Mono path[1] = 'P:/UnityEditors/2020.3.2f1/Editor/Data/MonoBleedingEdge/lib/mono/unityjit'
Mono config path = 'P:/UnityEditors/2020.3.2f1/Editor/Data/MonoBleedingEdge/etc'
Using monoOptions --debugger-agent=transport=dt_socket,embedding=1,server=y,suspend=n,address=127.0.0.1:56792
Begin MonoManager ReloadAssembly
Registering precompiled unity dll's ...
Register platform support module: P:/UnityEditors/2020.3.2f1/Editor/Data/PlaybackEngines/WebGLSupport/UnityEditor.WebGL.Extensions.dll
Register platform support module: P:/UnityEditors/2020.3.2f1/Editor/Data/PlaybackEngines/WindowsStandaloneSupport/UnityEditor.WindowsStandalone.Extensions.dll
Registered in 0.001447 seconds.
Native extension for WindowsStandalone target not found
Native extension for WebGL target not found
Refreshing native plugins compatible for Editor in 44.74 ms, found 0 plugins.
Preloading 0 native plugins for Editor in 0.00 ms.
Invoked RoslynAnalysisRunner static constructor.
RoslynAnalysisRunner will not be running.
RoslynAnalysisRunner has terminated.
Mono: successfully reloaded assembly
- Completed reload, in  1.786 seconds
Platform modules already initialized, skipping
Registering precompiled user dll's ...
Registered in 0.002722 seconds.
Begin MonoManager ReloadAssembly
Native extension for WindowsStandalone target not found
Native extension for WebGL target not found
Refreshing native plugins compatible for Editor in 44.89 ms, found 0 plugins.
Preloading 0 native plugins for Editor in 0.00 ms.
Invoked RoslynAnalysisRunner static constructor.
RoslynAnalysisRunner will not be running.
RoslynAnalysisRunner has terminated.
Mono: successfully reloaded assembly
- Completed reload, in  1.371 seconds
Platform modules already initialized, skipping
========================================================================
Worker process is ready to serve import requests
Launched and connected shader compiler UnityShaderCompiler.exe after 0.16 seconds
Refreshing native plugins compatible for Editor in 0.34 ms, found 0 plugins.
Preloading 0 native plugins for Editor in 0.00 ms.
Unloading 1712 Unused Serialized files (Serialized files now loaded: 0)
System memory in use before: 81.4 MB.
System memory in use after: 81.5 MB.

Unloading 20 unused Assets to reduce memory usage. Loaded Objects now: 2172.
Total: 3.292500 ms (FindLiveObjects: 0.226800 ms CreateObjectMapping: 0.149900 ms MarkObjects: 2.639200 ms  DeleteObjects: 0.274600 ms)

========================================================================
Received Import Request.
  path: Packages/com.abyssalgames.phenomtools
  artifactKey: Guid(b57927f5604799e0804a6c186f20d8a5) Importer(815301076,1909f56bfc062723c751e8b465ee728b)
Start importing Packages/com.abyssalgames.phenomtools using Guid(b57927f5604799e0804a6c186f20d8a5) Importer(815301076,1909f56bfc062723c751e8b465ee728b)  -> (artifact id: '0581cfd22a4a2f738fbb13c1a2b1c276') in 0.016105 seconds
  Import took 0.023548 seconds .

========================================================================
Received Import Request.
  Time since last request: 0.000192 seconds.
  path: Packages/com.abyssalgames.phenomtools/Console/Scripts/PhenomTools.Console.asmdef
  artifactKey: Guid(b73bdeda682a722408c6b6cc8473c6d3) Importer(815301076,1909f56bfc062723c751e8b465ee728b)
Start importing Packages/com.abyssalgames.phenomtools/Console/Scripts/PhenomTools.Console.asmdef using Guid(b73bdeda682a722408c6b6cc8473c6d3) Importer(815301076,1909f56bfc062723c751e8b465ee728b)  -> (artifact id: '050260cdd745e7578747c8374d9152a6') in 0.065687 seconds
  Import took 0.112484 seconds .

========================================================================
Received Import Request.
  Time since last request: 0.197902 seconds.
  path: Packages/com.abyssalgames.phenomtools/Console/Scripts/PhenomConsole.cs
  artifactKey: Guid(4d25a38a2bcb1e541b38944f9fca8c72) Importer(815301076,1909f56bfc062723c751e8b465ee728b)
Start importing Packages/com.abyssalgames.phenomtools/Console/Scripts/PhenomConsole.cs using Guid(4d25a38a2bcb1e541b38944f9fca8c72) Importer(815301076,1909f56bfc062723c751e8b465ee728b)  -> (artifact id: '4303f47182455462ca6f72a2a3e8bf0b') in 0.102772 seconds
  Import took 0.107129 seconds .

AssetImportWorkerClient::OnTransportError - code=2 error=End of file
